<?xml version="1.0" encoding="UTF-8" ?>
<testsuite tests="3" failures="0" name="dk.nversion.javascriptrunner.JavaScriptRunnerTest" time="5.978" errors="0" skipped="0">
  <properties>
[...]
</properties>
  <testcase classname="dk.nversion.javascriptrunner.JavaScriptRunnerTest" name="testInvoke" time="0.871"/>
  <testcase classname="dk.nversion.javascriptrunner.JavaScriptRunnerTest" name="testGet" time="0.04"/>
  <testcase classname="dk.nversion.javascriptrunner.JavaScriptRunnerTest" name="testInvokePassback" time="4.978"/>
</testsuite>